TN:
SF:app.js
FN:28,(anonymous_0)
FN:33,(anonymous_1)
FNF:2
FNH:2
FNDA:2,(anonymous_0)
FNDA:25,(anonymous_1)
DA:5,3
DA:6,3
DA:8,3
DA:10,3
DA:11,3
DA:12,3
DA:14,3
DA:16,3
DA:18,3
DA:19,3
DA:20,3
DA:21,3
DA:23,3
DA:24,3
DA:28,3
DA:29,2
DA:33,3
DA:34,25
DA:35,25
DA:36,25
DA:38,25
DA:43,3
LF:22
LH:22
BRDA:34,0,0,1
BRDA:34,0,1,24
BRDA:35,1,0,25
BRDA:35,1,1,1
BRF:4
BRH:4
end_of_record
TN:
SF:config.js
FN:13,getDatabaseUri
FNF:1
FNH:1
FNDA:13,getDatabaseUri
DA:5,7
DA:6,7
DA:8,7
DA:10,7
DA:14,13
DA:26,7
DA:31,7
DA:32,7
DA:33,7
DA:34,7
DA:35,7
DA:36,7
DA:38,7
LF:13
LH:13
BRDA:8,0,0,7
BRDA:8,0,1,6
BRDA:10,1,0,7
BRDA:10,1,1,6
BRDA:14,2,0,11
BRDA:14,2,1,2
BRDA:26,3,0,6
BRDA:26,3,1,1
BRF:8
BRH:8
end_of_record
TN:
SF:db.js
FNF:0
FNH:0
DA:5,4
DA:6,4
DA:8,4
DA:12,4
DA:14,4
LF:5
LH:5
BRF:0
BRH:0
end_of_record
TN:
SF:expressError.js
FN:8,(anonymous_0)
FN:18,(anonymous_1)
FN:26,(anonymous_2)
FN:34,(anonymous_3)
FN:42,(anonymous_4)
FNF:5
FNH:4
FNDA:36,(anonymous_0)
FNDA:8,(anonymous_1)
FNDA:19,(anonymous_2)
FNDA:9,(anonymous_3)
FNDA:0,(anonymous_4)
DA:9,36
DA:10,36
DA:11,36
DA:19,8
DA:27,19
DA:35,9
DA:43,0
DA:47,6
LF:8
LH:7
BRDA:18,0,0,2
BRDA:26,1,0,15
BRDA:34,2,0,0
BRDA:42,3,0,0
BRF:4
BRH:2
end_of_record
TN:
SF:helpers\sql.js
FN:20,sqlForPartialUpdate
FN:25,(anonymous_1)
FNF:2
FNH:2
FNDA:10,sqlForPartialUpdate
FNDA:13,(anonymous_1)
DA:1,5
DA:21,10
DA:22,10
DA:25,9
DA:26,13
DA:29,9
DA:35,5
LF:7
LH:7
BRDA:22,0,0,1
BRDA:22,0,1,9
BRDA:26,1,0,13
BRDA:26,1,1,4
BRF:4
BRH:4
end_of_record
TN:
SF:helpers\tokens.js
FN:6,createToken
FNF:1
FNH:1
FNDA:13,createToken
DA:1,4
DA:2,4
DA:7,13
DA:10,13
DA:15,13
DA:18,4
LF:6
LH:6
BRDA:12,0,0,13
BRDA:12,0,1,9
BRF:2
BRH:2
end_of_record
TN:
SF:middleware\auth.js
FN:18,authenticateJWT
FN:36,ensureLoggedIn
FN:51,ensureAdmin
FN:68,ensureCorrectUserOrAdmin
FNF:4
FNH:4
FNDA:40,authenticateJWT
FNDA:2,ensureLoggedIn
FNDA:13,ensureAdmin
FNDA:21,ensureCorrectUserOrAdmin
DA:5,4
DA:6,4
DA:7,4
DA:19,40
DA:20,40
DA:21,40
DA:22,24
DA:23,24
DA:25,39
DA:27,1
DA:37,2
DA:38,2
DA:39,1
DA:41,1
DA:52,13
DA:53,13
DA:54,6
DA:56,7
DA:58,6
DA:69,21
DA:70,21
DA:71,21
DA:72,8
DA:74,13
DA:76,8
DA:81,4
LF:26
LH:26
BRDA:20,0,0,40
BRDA:20,0,1,39
BRDA:21,1,0,24
BRDA:21,1,1,16
BRDA:38,2,0,1
BRDA:38,2,1,1
BRDA:53,3,0,6
BRDA:53,3,1,7
BRDA:53,4,0,13
BRDA:53,4,1,10
BRDA:71,5,0,8
BRDA:71,5,1,13
BRDA:71,6,0,21
BRDA:71,6,1,17
BRDA:71,6,2,8
BRF:15
BRH:15
end_of_record
TN:
SF:models\_testCommon.js
FN:7,commonBeforeAll
FN:26,commonBeforeEach
FN:30,commonAfterEach
FN:34,commonAfterAll
FNF:4
FNH:4
FNDA:1,commonBeforeAll
FNDA:15,commonBeforeEach
FNDA:15,commonAfterEach
FNDA:1,commonAfterAll
DA:1,1
DA:3,1
DA:4,1
DA:9,1
DA:11,1
DA:27,15
DA:31,15
DA:35,1
DA:39,1
LF:9
LH:9
BRF:0
BRH:0
end_of_record
TN:
SF:models\user.js
FN:24,(anonymous_0)
FN:59,(anonymous_1)
FN:104,(anonymous_2)
FN:126,(anonymous_3)
FN:162,(anonymous_4)
FN:195,(anonymous_5)
FN:213,(anonymous_6)
FN:220,(anonymous_7)
FN:227,(anonymous_8)
FN:245,(anonymous_9)
FNF:10
FNH:6
FNDA:7,(anonymous_0)
FNDA:13,(anonymous_1)
FNDA:3,(anonymous_2)
FNDA:5,(anonymous_3)
FNDA:8,(anonymous_4)
FNDA:5,(anonymous_5)
FNDA:0,(anonymous_6)
FNDA:0,(anonymous_7)
FNDA:0,(anonymous_8)
FNDA:0,(anonymous_9)
DA:3,4
DA:4,4
DA:5,4
DA:10,4
DA:12,4
DA:26,7
DA:38,7
DA:40,7
DA:42,4
DA:43,4
DA:44,3
DA:45,3
DA:49,4
DA:61,13
DA:68,13
DA:69,1
DA:72,12
DA:74,12
DA:94,12
DA:96,12
DA:105,3
DA:115,2
DA:127,5
DA:138,5
DA:140,5
DA:142,3
DA:163,8
DA:164,2
DA:167,8
DA:174,7
DA:176,7
DA:184,7
DA:185,7
DA:187,7
DA:189,5
DA:190,5
DA:196,5
DA:203,5
DA:205,5
DA:214,0
DA:220,0
DA:222,0
DA:228,0
DA:233,0
DA:235,0
DA:237,0
DA:246,0
DA:253,0
DA:254,0
DA:256,0
DA:257,0
DA:262,4
LF:52
LH:40
BRDA:40,0,0,4
BRDA:40,0,1,3
BRDA:43,1,0,3
BRDA:43,1,1,1
BRDA:68,2,0,1
BRDA:68,2,1,12
BRDA:140,3,0,2
BRDA:140,3,1,3
BRDA:163,4,0,2
BRDA:163,4,1,6
BRDA:187,5,0,2
BRDA:187,5,1,5
BRDA:205,6,0,2
BRDA:205,6,1,3
BRDA:235,7,0,0
BRDA:235,7,1,0
BRDA:256,8,0,0
BRDA:256,8,1,0
BRDA:257,9,0,0
BRDA:257,9,1,0
BRF:20
BRH:14
end_of_record
TN:
SF:routes\_testCommon.js
FN:8,commonBeforeAll
FN:38,commonBeforeEach
FN:42,commonAfterEach
FN:46,commonAfterAll
FNF:4
FNH:4
FNDA:2,commonBeforeAll
FNDA:35,commonBeforeEach
FNDA:35,commonAfterEach
FNDA:2,commonAfterAll
DA:3,2
DA:4,2
DA:5,2
DA:10,2
DA:12,2
DA:20,2
DA:28,2
DA:39,35
DA:43,35
DA:47,2
DA:51,2
DA:52,2
DA:53,2
DA:56,2
LF:14
LH:14
BRF:0
BRH:0
end_of_record
TN:
SF:routes\auth.js
FN:22,(anonymous_0)
FN:26,(anonymous_1)
FN:49,(anonymous_2)
FN:53,(anonymous_3)
FNF:4
FNH:4
FNDA:5,(anonymous_0)
FNDA:2,(anonymous_1)
FNDA:3,(anonymous_2)
FNDA:5,(anonymous_3)
DA:5,3
DA:7,3
DA:8,3
DA:9,3
DA:10,3
DA:11,3
DA:12,3
DA:13,3
DA:22,3
DA:23,5
DA:24,5
DA:25,5
DA:26,2
DA:27,2
DA:30,3
DA:31,3
DA:32,1
DA:33,1
DA:35,4
DA:49,3
DA:50,3
DA:51,3
DA:52,3
DA:53,5
DA:54,2
DA:57,1
DA:58,1
DA:59,1
DA:61,2
DA:66,3
LF:30
LH:30
BRDA:25,0,0,2
BRDA:25,0,1,3
BRDA:52,1,0,2
BRDA:52,1,1,1
BRF:4
BRH:4
end_of_record
TN:
SF:routes\users.js
FN:30,(anonymous_0)
FN:34,(anonymous_1)
FN:54,(anonymous_2)
FN:72,(anonymous_3)
FN:92,(anonymous_4)
FN:96,(anonymous_5)
FN:113,(anonymous_6)
FN:131,(anonymous_7)
FN:150,(anonymous_8)
FN:166,(anonymous_9)
FNF:10
FNH:7
FNDA:4,(anonymous_0)
FNDA:5,(anonymous_1)
FNDA:2,(anonymous_2)
FNDA:3,(anonymous_3)
FNDA:5,(anonymous_4)
FNDA:1,(anonymous_5)
FNDA:3,(anonymous_6)
FNDA:0,(anonymous_7)
FNDA:0,(anonymous_8)
FNDA:0,(anonymous_9)
DA:5,3
DA:7,3
DA:8,3
DA:9,3
DA:10,3
DA:11,3
DA:12,3
DA:13,3
DA:15,3
DA:30,3
DA:31,4
DA:32,4
DA:33,4
DA:34,5
DA:35,2
DA:38,2
DA:39,2
DA:40,2
DA:42,2
DA:54,3
DA:55,2
DA:56,2
DA:57,1
DA:59,1
DA:72,3
DA:73,3
DA:74,3
DA:75,2
DA:77,1
DA:92,3
DA:93,5
DA:94,5
DA:95,5
DA:96,1
DA:97,1
DA:100,4
DA:101,3
DA:103,2
DA:113,3
DA:114,3
DA:115,3
DA:116,2
DA:118,1
DA:131,3
DA:132,0
DA:133,0
DA:134,0
DA:135,0
DA:136,0
DA:138,0
DA:150,3
DA:151,0
DA:152,0
DA:153,0
DA:154,0
DA:155,0
DA:157,0
DA:166,3
DA:167,0
DA:168,0
DA:169,0
DA:170,0
DA:171,0
DA:173,0
DA:179,3
LF:65
LH:47
BRDA:33,0,0,2
BRDA:33,0,1,2
BRDA:95,1,0,1
BRDA:95,1,1,4
BRF:4
BRH:4
end_of_record
